<?xml version="1.0" encoding="UTF-8"?>
<!-- Generated by org.testng.reporters.JUnitReportReporter -->
<testsuite skipped="0" hostname="Mukesh-PC" name="gittest.NewTest" tests="1" failures="0" timestamp="24 May 2018 11:09:47 GMT" time="68.123" errors="0">
  <testcase name="testgit" time="68.123" classname="gittest.NewTest"/>
</testsuite> <!-- gittest.NewTest -->
